--------------------------------------------------------------------------------
CPU name:	AMD Ryzen 5 1600 Six-Core Processor            
CPU type:	AMD K17 (Zen) architecture
CPU clock:	3.19 GHz
--------------------------------------------------------------------------------
Gauss com multiplicador


Solução: [ 0.472856 0.066670 -0.006724 ]

Tempo: 0.001052 ms

Resíduo: [ 0.000000 0.000000 0.000000 ]



Gauss sem multiplicador


Solução: [ 0.472856 0.066670 -0.006724 ]

Tempo: 0.000581 ms

Resíduo: [ 0.000000 -0.000000 0.000000 ]



Sem pivoteamento


Solução: [ 0.472854 0.066670 -0.006724 ]

Tempo: 0.000341 ms

Resíduo: [ 0.000000 -56.284229 -172.463603 ]



--------------------------------------------------------------------------------
Region metodo_0, Group 1: FLOPS_DP
+-------------------+------------+
|    Region Info    | HWThread 3 |
+-------------------+------------+
| RDTSC Runtime [s] |   0.000015 |
|     call count    |          1 |
+-------------------+------------+

+----------------------------------+---------+------------+
|               Event              | Counter | HWThread 3 |
+----------------------------------+---------+------------+
|         ACTUAL_CPU_CLOCK         |  FIXC1  |     321335 |
|           MAX_CPU_CLOCK          |  FIXC2  |     677696 |
|       RETIRED_INSTRUCTIONS       |   PMC0  |      16747 |
|        CPU_CLOCKS_UNHALTED       |   PMC1  |      54839 |
| RETIRED_SSE_AVX_FLOPS_DOUBLE_ALL |   PMC2  |         25 |
|               MERGE              |   PMC3  |          0 |
+----------------------------------+---------+------------+

+----------------------+--------------+
|        Metric        |  HWThread 3  |
+----------------------+--------------+
|  Runtime (RDTSC) [s] | 1.536990e-05 |
| Runtime unhalted [s] |       0.0001 |
|      Clock [MHz]     |    1514.3517 |
|          CPI         |       3.2746 |
|     DP [MFLOP/s]     |       1.6266 |
+----------------------+--------------+

Region metodo_1, Group 1: FLOPS_DP
+-------------------+------------+
|    Region Info    | HWThread 3 |
+-------------------+------------+
| RDTSC Runtime [s] |   0.000007 |
|     call count    |          1 |
+-------------------+------------+

+----------------------------------+---------+------------+
|               Event              | Counter | HWThread 3 |
+----------------------------------+---------+------------+
|         ACTUAL_CPU_CLOCK         |  FIXC1  |     188891 |
|           MAX_CPU_CLOCK          |  FIXC2  |     389088 |
|       RETIRED_INSTRUCTIONS       |   PMC0  |      16909 |
|        CPU_CLOCKS_UNHALTED       |   PMC1  |      28878 |
| RETIRED_SSE_AVX_FLOPS_DOUBLE_ALL |   PMC2  |         38 |
|               MERGE              |   PMC3  |          0 |
+----------------------------------+---------+------------+

+----------------------+--------------+
|        Metric        |  HWThread 3  |
+----------------------+--------------+
|  Runtime (RDTSC) [s] | 6.512670e-06 |
| Runtime unhalted [s] |       0.0001 |
|      Clock [MHz]     |    1550.4832 |
|          CPI         |       1.7078 |
|     DP [MFLOP/s]     |       5.8348 |
+----------------------+--------------+

Region metodo_2, Group 1: FLOPS_DP
+-------------------+------------+
|    Region Info    | HWThread 3 |
+-------------------+------------+
| RDTSC Runtime [s] |   0.000005 |
|     call count    |          1 |
+-------------------+------------+

+----------------------------------+---------+------------+
|               Event              | Counter | HWThread 3 |
+----------------------------------+---------+------------+
|         ACTUAL_CPU_CLOCK         |  FIXC1  |     185330 |
|           MAX_CPU_CLOCK          |  FIXC2  |     382848 |
|       RETIRED_INSTRUCTIONS       |   PMC0  |      16798 |
|        CPU_CLOCKS_UNHALTED       |   PMC1  |      26277 |
| RETIRED_SSE_AVX_FLOPS_DOUBLE_ALL |   PMC2  |         37 |
|               MERGE              |   PMC3  |          0 |
+----------------------------------+---------+------------+

+----------------------+--------------+
|        Metric        |  HWThread 3  |
+----------------------+--------------+
|  Runtime (RDTSC) [s] | 5.470643e-06 |
| Runtime unhalted [s] |       0.0001 |
|      Clock [MHz]     |    1546.0480 |
|          CPI         |       1.5643 |
|     DP [MFLOP/s]     |       6.7634 |
+----------------------+--------------+

